<?xml version="1.0" encoding="UTF-8"?>
<!-- Generated by org.testng.reporters.JUnitXMLReporter -->
<testsuite ignored="0" hostname="DESKTOP-IJLUITG" failures="1" tests="1" name="Test(failed)(failed)" time="31.022" errors="0" timestamp="2024-03-18T20:31:30 IST">
  <testcase classname="com.MyStore.TestCases.OrderPageTest" name="verifyTotalPrice" time="17.294">
    <failure type="java.lang.AssertionError" message="expected [24.0] but found [41.0]">
      <![CDATA[java.lang.AssertionError: expected [24.0] but found [41.0]
at com.MyStore.TestCases.OrderPageTest.verifyTotalPrice(OrderPageTest.java:45)
at java.base/java.util.ArrayList.forEach(ArrayList.java:1596)
... Removed 29 stack frames]]>
    </failure>
  </testcase> <!-- verifyTotalPrice -->
</testsuite> <!-- Test(failed)(failed) -->
